<?xml version="1.0" encoding="UTF-8"?>
<testsuite xmlns:xsi="http://www.w3.org/2001/XMLSchema-instance" xsi:noNamespaceSchemaLocation="https://maven.apache.org/surefire/maven-surefire-plugin/xsd/surefire-test-report-3.0.xsd" version="3.0" name="com.itheima.test.DemoTest" time="0.025" tests="2" errors="0" skipped="0" failures="0">
  <properties>
    <property name="java.specification.version" value="17"/>
    <property name="sun.jnu.encoding" value="UTF-8"/>
    <property name="java.class.path" value="/Users/han/IdeaProjects/itheima_web_project/maven_project01/maven_project01/target/test-classes:/Users/han/IdeaProjects/itheima_web_project/maven_project01/maven_project01/target/classes:/Users/han/Desktop/apache-maven-3.9.6/mvn_repo/ch/qos/logback/logback-classic/1.2.3/logback-classic-1.2.3.jar:/Users/han/Desktop/apache-maven-3.9.6/mvn_repo/ch/qos/logback/logback-core/1.2.3/logback-core-1.2.3.jar:/Users/han/Desktop/apache-maven-3.9.6/mvn_repo/org/slf4j/slf4j-api/1.7.25/slf4j-api-1.7.25.jar:/Users/han/Desktop/apache-maven-3.9.6/mvn_repo/junit/junit/4.13.2/junit-4.13.2.jar:/Users/han/Desktop/apache-maven-3.9.6/mvn_repo/org/hamcrest/hamcrest-core/1.3/hamcrest-core-1.3.jar:"/>
    <property name="java.vm.vendor" value="Oracle Corporation"/>
    <property name="sun.arch.data.model" value="64"/>
    <property name="java.vendor.url" value="https://java.oracle.com/"/>
    <property name="os.name" value="Mac OS X"/>
    <property name="java.vm.specification.version" value="17"/>
    <property name="sun.java.launcher" value="SUN_STANDARD"/>
    <property name="user.country" value="CN"/>
    <property name="sun.boot.library.path" value="/Library/Java/JavaVirtualMachines/jdk-17.jdk/Contents/Home/lib"/>
    <property name="sun.java.command" value="/Users/han/IdeaProjects/itheima_web_project/maven_project01/maven_project01/target/surefire/surefirebooter-20240307195319889_3.jar /Users/han/IdeaProjects/itheima_web_project/maven_project01/maven_project01/target/surefire 2024-03-07T19-53-19_018-jvmRun1 surefire-20240307195319889_1tmp surefire_0-20240307195319889_2tmp"/>
    <property name="http.nonProxyHosts" value="local|*.local|169.254/16|*.169.254/16"/>
    <property name="jdk.debug" value="release"/>
    <property name="surefire.test.class.path" value="/Users/han/IdeaProjects/itheima_web_project/maven_project01/maven_project01/target/test-classes:/Users/han/IdeaProjects/itheima_web_project/maven_project01/maven_project01/target/classes:/Users/han/Desktop/apache-maven-3.9.6/mvn_repo/ch/qos/logback/logback-classic/1.2.3/logback-classic-1.2.3.jar:/Users/han/Desktop/apache-maven-3.9.6/mvn_repo/ch/qos/logback/logback-core/1.2.3/logback-core-1.2.3.jar:/Users/han/Desktop/apache-maven-3.9.6/mvn_repo/org/slf4j/slf4j-api/1.7.25/slf4j-api-1.7.25.jar:/Users/han/Desktop/apache-maven-3.9.6/mvn_repo/junit/junit/4.13.2/junit-4.13.2.jar:/Users/han/Desktop/apache-maven-3.9.6/mvn_repo/org/hamcrest/hamcrest-core/1.3/hamcrest-core-1.3.jar:"/>
    <property name="sun.cpu.endian" value="little"/>
    <property name="user.home" value="/Users/han"/>
    <property name="user.language" value="zh"/>
    <property name="java.specification.vendor" value="Oracle Corporation"/>
    <property name="java.version.date" value="2024-01-16"/>
    <property name="java.home" value="/Library/Java/JavaVirtualMachines/jdk-17.jdk/Contents/Home"/>
    <property name="file.separator" value="/"/>
    <property name="basedir" value="/Users/han/IdeaProjects/itheima_web_project/maven_project01/maven_project01"/>
    <property name="java.vm.compressedOopsMode" value="Zero based"/>
    <property name="line.separator" value="&#10;"/>
    <property name="java.vm.specification.vendor" value="Oracle Corporation"/>
    <property name="java.specification.name" value="Java Platform API Specification"/>
    <property name="surefire.real.class.path" value="/Users/han/IdeaProjects/itheima_web_project/maven_project01/maven_project01/target/surefire/surefirebooter-20240307195319889_3.jar"/>
    <property name="user.script" value="Hans"/>
    <property name="sun.management.compiler" value="HotSpot 64-Bit Tiered Compilers"/>
    <property name="ftp.nonProxyHosts" value="local|*.local|169.254/16|*.169.254/16"/>
    <property name="java.runtime.version" value="17.0.10+11-LTS-240"/>
    <property name="user.name" value="han"/>
    <property name="path.separator" value=":"/>
    <property name="os.version" value="12.5"/>
    <property name="java.runtime.name" value="Java(TM) SE Runtime Environment"/>
    <property name="file.encoding" value="UTF-8"/>
    <property name="java.vm.name" value="Java HotSpot(TM) 64-Bit Server VM"/>
    <property name="localRepository" value="/Users/han/Desktop/apache-maven-3.9.6/mvn_repo"/>
    <property name="java.vendor.url.bug" value="https://bugreport.java.com/bugreport/"/>
    <property name="java.io.tmpdir" value="/var/folders/wc/5hjhb__5027fw99vx33ypv9m0000gn/T/"/>
    <property name="idea.version" value="2023.3.4"/>
    <property name="java.version" value="17.0.10"/>
    <property name="user.dir" value="/Users/han/IdeaProjects/itheima_web_project/maven_project01/maven_project01"/>
    <property name="os.arch" value="aarch64"/>
    <property name="java.vm.specification.name" value="Java Virtual Machine Specification"/>
    <property name="native.encoding" value="UTF-8"/>
    <property name="java.library.path" value="/Users/han/Library/Java/Extensions:/Library/Java/Extensions:/Network/Library/Java/Extensions:/System/Library/Java/Extensions:/usr/lib/java:."/>
    <property name="java.vm.info" value="mixed mode, sharing"/>
    <property name="java.vendor" value="Oracle Corporation"/>
    <property name="java.vm.version" value="17.0.10+11-LTS-240"/>
    <property name="sun.io.unicode.encoding" value="UnicodeBig"/>
    <property name="socksNonProxyHosts" value="local|*.local|169.254/16|*.169.254/16"/>
    <property name="java.class.version" value="61.0"/>
  </properties>
  <testcase name="test1" classname="com.itheima.test.DemoTest" time="0.002">
    <system-out><![CDATA[test1
]]></system-out>
  </testcase>
  <testcase name="test2" classname="com.itheima.test.DemoTest" time="0.0">
    <system-out><![CDATA[test2
]]></system-out>
  </testcase>
</testsuite>